<?xml version="1.0" encoding="UTF-8"?>
<!-- Generated by org.testng.reporters.JUnitReportReporter -->
<testsuite skipped="0" hostname="DESKTOP-FGVV9N0" name="com.smoke.test.SanityTestNG" tests="2" failures="0" timestamp="11 Aug 2020 00:48:18 GMT" time="8.880" errors="0">
  <testcase name="getAgent" time="3.866" classname="com.smoke.test.SanityTestNG"/>
  <testcase name="getProperty" time="5.014" classname="com.smoke.test.SanityTestNG"/>
</testsuite> <!-- com.smoke.test.SanityTestNG -->
