<?xml version="1.0" encoding="UTF-8"?>
<!-- Generated by org.testng.reporters.JUnitReportReporter -->
<testsuite skipped="0" hostname="DESKTOP-FGVV9N0" name="com.test.runner.ZooplaRunner" tests="1" failures="0" timestamp="24 Aug 2020 19:47:24 GMT" time="21.574" errors="0">
  <testcase name="runScenario" time="21.574" classname="com.test.runner.ZooplaRunner"/>
</testsuite> <!-- com.test.runner.ZooplaRunner -->
