<?xml version="1.0" encoding="UTF-8"?>
<!-- Generated by org.testng.reporters.JUnitReportReporter -->
<testsuite skipped="0" hostname="DESKTOP-FGVV9N0" name="com.test.runner.TestRunner" tests="1" failures="0" timestamp="11 Aug 2020 00:43:11 GMT" time="24.128" errors="0">
  <testcase name="runScenario" time="24.128" classname="com.test.runner.TestRunner"/>
</testsuite> <!-- com.test.runner.TestRunner -->
