<?xml version="1.0" encoding="UTF-8"?>
<!-- Generated by org.testng.reporters.JUnitReportReporter -->
<testsuite skipped="1" hostname="DESKTOP-FGVV9N0" name="com.test.runner.Runner$TestRunner" tests="1" failures="0" timestamp="30 Jun 2020 19:44:20 GMT" time="0.000" errors="0">
  <testcase name="runScenario" time="0.000" classname="com.test.runner.Runner$TestRunner">
    <skipped/>
  </testcase> <!-- runScenario -->
</testsuite> <!-- com.test.runner.Runner$TestRunner -->
